The system is: Windows - 10.0.15063 - AMD64
Compiling the C compiler identification source file "CMakeCCompilerId.c" succeeded.
Compiler: C:/MinGW/bin/gcc.exe 
Build flags: 
Id flags: 

The output was:
0


Compilation of the C compiler identification source "CMakeCCompilerId.c" produced "a.exe"

The C compiler identification is GNU, found in "C:/Users/sahil/Documents/GitHub/MM-Floodfill/cmake-build-debug/CMakeFiles/3.7.2/CompilerIdC/a.exe"

Compiling the CXX compiler identification source file "CMakeCXXCompilerId.cpp" succeeded.
Compiler: C:/MinGW/bin/g++.exe 
Build flags: 
Id flags: 

The output was:
0


Compilation of the CXX compiler identification source "CMakeCXXCompilerId.cpp" produced "a.exe"

The CXX compiler identification is GNU, found in "C:/Users/sahil/Documents/GitHub/MM-Floodfill/cmake-build-debug/CMakeFiles/3.7.2/CompilerIdCXX/a.exe"

Determining if the C compiler works passed with the following output:
Change Dir: C:/Users/sahil/Documents/GitHub/MM-Floodfill/cmake-build-debug/CMakeFiles/CMakeTmp

Run Build Command:"C:/MinGW/bin/mingw32-make.exe" "cmTC_db1c2/fast"
C:/MinGW/bin/mingw32-make.exe -f CMakeFiles\cmTC_db1c2.dir\build.make CMakeFiles/cmTC_db1c2.dir/build
mingw32-make.exe[1]: Entering directory 'C:/Users/sahil/Documents/GitHub/MM-Floodfill/cmake-build-debug/CMakeFiles/CMakeTmp'
Building C object CMakeFiles/cmTC_db1c2.dir/testCCompiler.c.obj
C:\MinGW\bin\gcc.exe     -o CMakeFiles\cmTC_db1c2.dir\testCCompiler.c.obj   -c C:\Users\sahil\Documents\GitHub\MM-Floodfill\cmake-build-debug\CMakeFiles\CMakeTmp\testCCompiler.c
Linking C executable cmTC_db1c2.exe
"C:\Program Files\JetBrains\CLion 2017.1.2\bin\cmake\bin\cmake.exe" -E cmake_link_script CMakeFiles\cmTC_db1c2.dir\link.txt --verbose=1
"C:\Program Files\JetBrains\CLion 2017.1.2\bin\cmake\bin\cmake.exe" -E remove -f CMakeFiles\cmTC_db1c2.dir/objects.a
C:\MinGW\bin\ar.exe cr CMakeFiles\cmTC_db1c2.dir/objects.a @CMakeFiles\cmTC_db1c2.dir\objects1.rsp
C:\MinGW\bin\gcc.exe       -Wl,--whole-archive CMakeFiles\cmTC_db1c2.dir/objects.a -Wl,--no-whole-archive  -o cmTC_db1c2.exe -Wl,--out-implib,libcmTC_db1c2.dll.a -Wl,--major-image-version,0,--minor-image-version,0 @CMakeFiles\cmTC_db1c2.dir\linklibs.rsp
mingw32-make.exe[1]: Leaving directory 'C:/Users/sahil/Documents/GitHub/MM-Floodfill/cmake-build-debug/CMakeFiles/CMakeTmp'


